<?xml version="1.0" encoding="UTF-8"?>
<robot generator="Robot 3.1.1 (Python 3.7.0 on win32)" generated="20190118 14:09:21.814" rpa="false">
<suite id="s1" name="Login Tests" source="E:\Source\robotframework-datadriver\example\Login Tests">
<suite id="s1-s1" name="invalidLogins" source="E:\Source\robotframework-datadriver\example\Login Tests\invalidLogins.robot">
<kw name="Open my Browser" library="login_resources" type="setup">
<kw name="Open Browser" library="SeleniumLibrary">
<doc>Opens a new browser instance to the given ``url``.</doc>
<arguments>
<arg>${LOGIN URL}</arg>
<arg>browser=${BROWSER}</arg>
</arguments>
<msg timestamp="20190118 14:09:22.009" level="INFO">Opening browser 'firefox' to base url 'http://localhost:7272'.</msg>
<status status="PASS" starttime="20190118 14:09:22.009" endtime="20190118 14:09:25.454"></status>
</kw>
<kw name="Set Window Position" library="SeleniumLibrary">
<doc>Sets window position using ``x`` and ``y`` coordinates.</doc>
<arguments>
<arg>0</arg>
<arg>0</arg>
</arguments>
<status status="PASS" starttime="20190118 14:09:25.454" endtime="20190118 14:09:25.460"></status>
</kw>
<kw name="Set Window Size" library="SeleniumLibrary">
<doc>Sets current windows size to given ``width`` and ``height``.</doc>
<arguments>
<arg>960</arg>
<arg>1000</arg>
</arguments>
<status status="PASS" starttime="20190118 14:09:25.460" endtime="20190118 14:09:25.514"></status>
</kw>
<status status="PASS" starttime="20190118 14:09:22.009" endtime="20190118 14:09:25.514"></status>
</kw>
<test id="s1-s1-t1" name="Right user empty pass">
<kw name="Open Login Page" library="login_resources" type="setup">
<kw name="Go To" library="SeleniumLibrary">
<doc>Navigates the active browser instance to the provided ``url``.</doc>
<arguments>
<arg>${LOGIN URL}</arg>
</arguments>
<msg timestamp="20190118 14:09:25.515" level="INFO">Opening url 'http://localhost:7272'</msg>
<status status="PASS" starttime="20190118 14:09:25.515" endtime="20190118 14:09:25.587"></status>
</kw>
<status status="PASS" starttime="20190118 14:09:25.515" endtime="20190118 14:09:25.587"></status>
</kw>
<kw name="Invalid login">
<arguments>
<arg>demo</arg>
<arg>${EMPTY}</arg>
<arg>[Tags]</arg>
</arguments>
<msg timestamp="20190118 14:09:25.588" level="FAIL">Keyword 'Invalid login' expected 2 arguments, got 3.</msg>
<status status="FAIL" starttime="20190118 14:09:25.587" endtime="20190118 14:09:25.588"></status>
</kw>
<status status="FAIL" starttime="20190118 14:09:25.514" endtime="20190118 14:09:25.588" critical="yes">Keyword 'Invalid login' expected 2 arguments, got 3.</status>
</test>
<test id="s1-s1-t2" name="Right user wrong pass">
<kw name="Open Login Page" library="login_resources" type="setup">
<kw name="Go To" library="SeleniumLibrary">
<doc>Navigates the active browser instance to the provided ``url``.</doc>
<arguments>
<arg>${LOGIN URL}</arg>
</arguments>
<msg timestamp="20190118 14:09:25.596" level="INFO">Opening url 'http://localhost:7272'</msg>
<status status="PASS" starttime="20190118 14:09:25.595" endtime="20190118 14:09:25.641"></status>
</kw>
<status status="PASS" starttime="20190118 14:09:25.595" endtime="20190118 14:09:25.642"></status>
</kw>
<kw name="Invalid login">
<arguments>
<arg>demo</arg>
<arg>FooBar</arg>
</arguments>
<kw name="Input username" library="login_resources">
<arguments>
<arg>${USERNAME}</arg>
</arguments>
<kw name="Input Text" library="SeleniumLibrary">
<doc>Types the given ``text`` into text field identified by ``locator``.</doc>
<arguments>
<arg>id=username_field</arg>
<arg>${username}</arg>
</arguments>
<msg timestamp="20190118 14:09:25.644" level="INFO">Typing text 'demo' into text field 'id=username_field'.</msg>
<status status="PASS" starttime="20190118 14:09:25.644" endtime="20190118 14:09:25.684"></status>
</kw>
<status status="PASS" starttime="20190118 14:09:25.643" endtime="20190118 14:09:25.684"></status>
</kw>
<kw name="Input pwd" library="login_resources">
<arguments>
<arg>${PASSWORD}</arg>
</arguments>
<kw name="Input Password" library="SeleniumLibrary">
<doc>Types the given password into text field identified by ``locator``.</doc>
<arguments>
<arg>id=password_field</arg>
<arg>${password}</arg>
</arguments>
<msg timestamp="20190118 14:09:25.685" level="INFO">Typing password into text field 'id=password_field'.</msg>
<status status="PASS" starttime="20190118 14:09:25.685" endtime="20190118 14:09:25.707"></status>
</kw>
<status status="PASS" starttime="20190118 14:09:25.684" endtime="20190118 14:09:25.707"></status>
</kw>
<kw name="click login button" library="login_resources">
<kw name="Click Button" library="SeleniumLibrary">
<doc>Clicks button identified by ``locator``.</doc>
<arguments>
<arg>id=login_button</arg>
</arguments>
<msg timestamp="20190118 14:09:25.708" level="INFO">Clicking button 'id=login_button'.</msg>
<status status="PASS" starttime="20190118 14:09:25.708" endtime="20190118 14:09:25.808"></status>
</kw>
<status status="PASS" starttime="20190118 14:09:25.708" endtime="20190118 14:09:25.808"></status>
</kw>
<kw name="Error page should be visible" library="login_resources">
<kw name="Title Should Be" library="SeleniumLibrary">
<doc>Verifies that current page title equals ``title``.</doc>
<arguments>
<arg>Error Page</arg>
</arguments>
<msg timestamp="20190118 14:09:25.821" level="INFO">Page title is 'Error Page'.</msg>
<status status="PASS" starttime="20190118 14:09:25.808" endtime="20190118 14:09:25.821"></status>
</kw>
<status status="PASS" starttime="20190118 14:09:25.808" endtime="20190118 14:09:25.821"></status>
</kw>
<status status="PASS" starttime="20190118 14:09:25.642" endtime="20190118 14:09:25.821"></status>
</kw>
<status status="PASS" starttime="20190118 14:09:25.594" endtime="20190118 14:09:25.822" critical="yes"></status>
</test>
<test id="s1-s1-t3" name="Empty user right pass">
<kw name="Open Login Page" library="login_resources" type="setup">
<kw name="Go To" library="SeleniumLibrary">
<doc>Navigates the active browser instance to the provided ``url``.</doc>
<arguments>
<arg>${LOGIN URL}</arg>
</arguments>
<msg timestamp="20190118 14:09:25.826" level="INFO">Opening url 'http://localhost:7272'</msg>
<status status="PASS" starttime="20190118 14:09:25.825" endtime="20190118 14:09:25.894"></status>
</kw>
<status status="PASS" starttime="20190118 14:09:25.825" endtime="20190118 14:09:25.894"></status>
</kw>
<kw name="Invalid login">
<arguments>
<arg>${EMPTY}</arg>
<arg>mode</arg>
</arguments>
<kw name="Input username" library="login_resources">
<arguments>
<arg>${USERNAME}</arg>
</arguments>
<kw name="Input Text" library="SeleniumLibrary">
<doc>Types the given ``text`` into text field identified by ``locator``.</doc>
<arguments>
<arg>id=username_field</arg>
<arg>${username}</arg>
</arguments>
<msg timestamp="20190118 14:09:25.898" level="INFO">Typing text '' into text field 'id=username_field'.</msg>
<status status="PASS" starttime="20190118 14:09:25.897" endtime="20190118 14:09:25.921"></status>
</kw>
<status status="PASS" starttime="20190118 14:09:25.896" endtime="20190118 14:09:25.921"></status>
</kw>
<kw name="Input pwd" library="login_resources">
<arguments>
<arg>${PASSWORD}</arg>
</arguments>
<kw name="Input Password" library="SeleniumLibrary">
<doc>Types the given password into text field identified by ``locator``.</doc>
<arguments>
<arg>id=password_field</arg>
<arg>${password}</arg>
</arguments>
<msg timestamp="20190118 14:09:25.922" level="INFO">Typing password into text field 'id=password_field'.</msg>
<status status="PASS" starttime="20190118 14:09:25.922" endtime="20190118 14:09:25.949"></status>
</kw>
<status status="PASS" starttime="20190118 14:09:25.921" endtime="20190118 14:09:25.949"></status>
</kw>
<kw name="click login button" library="login_resources">
<kw name="Click Button" library="SeleniumLibrary">
<doc>Clicks button identified by ``locator``.</doc>
<arguments>
<arg>id=login_button</arg>
</arguments>
<msg timestamp="20190118 14:09:25.950" level="INFO">Clicking button 'id=login_button'.</msg>
<status status="PASS" starttime="20190118 14:09:25.949" endtime="20190118 14:09:26.005"></status>
</kw>
<status status="PASS" starttime="20190118 14:09:25.949" endtime="20190118 14:09:26.006"></status>
</kw>
<kw name="Error page should be visible" library="login_resources">
<kw name="Title Should Be" library="SeleniumLibrary">
<doc>Verifies that current page title equals ``title``.</doc>
<arguments>
<arg>Error Page</arg>
</arguments>
<msg timestamp="20190118 14:09:26.011" level="INFO">Page title is 'Error Page'.</msg>
<status status="PASS" starttime="20190118 14:09:26.007" endtime="20190118 14:09:26.012"></status>
</kw>
<status status="PASS" starttime="20190118 14:09:26.006" endtime="20190118 14:09:26.012"></status>
</kw>
<status status="PASS" starttime="20190118 14:09:25.896" endtime="20190118 14:09:26.013"></status>
</kw>
<status status="PASS" starttime="20190118 14:09:25.824" endtime="20190118 14:09:26.014" critical="yes"></status>
</test>
<test id="s1-s1-t4" name="Empty user empty pass">
<kw name="Open Login Page" library="login_resources" type="setup">
<kw name="Go To" library="SeleniumLibrary">
<doc>Navigates the active browser instance to the provided ``url``.</doc>
<arguments>
<arg>${LOGIN URL}</arg>
</arguments>
<msg timestamp="20190118 14:09:26.018" level="INFO">Opening url 'http://localhost:7272'</msg>
<status status="PASS" starttime="20190118 14:09:26.018" endtime="20190118 14:09:26.060"></status>
</kw>
<status status="PASS" starttime="20190118 14:09:26.017" endtime="20190118 14:09:26.061"></status>
</kw>
<kw name="Invalid login">
<arguments>
<arg>${EMPTY}</arg>
<arg>${EMPTY}</arg>
</arguments>
<kw name="Input username" library="login_resources">
<arguments>
<arg>${USERNAME}</arg>
</arguments>
<kw name="Input Text" library="SeleniumLibrary">
<doc>Types the given ``text`` into text field identified by ``locator``.</doc>
<arguments>
<arg>id=username_field</arg>
<arg>${username}</arg>
</arguments>
<msg timestamp="20190118 14:09:26.064" level="INFO">Typing text '' into text field 'id=username_field'.</msg>
<status status="PASS" starttime="20190118 14:09:26.064" endtime="20190118 14:09:26.087"></status>
</kw>
<status status="PASS" starttime="20190118 14:09:26.063" endtime="20190118 14:09:26.088"></status>
</kw>
<kw name="Input pwd" library="login_resources">
<arguments>
<arg>${PASSWORD}</arg>
</arguments>
<kw name="Input Password" library="SeleniumLibrary">
<doc>Types the given password into text field identified by ``locator``.</doc>
<arguments>
<arg>id=password_field</arg>
<arg>${password}</arg>
</arguments>
<msg timestamp="20190118 14:09:26.088" level="INFO">Typing password into text field 'id=password_field'.</msg>
<status status="PASS" starttime="20190118 14:09:26.088" endtime="20190118 14:09:26.108"></status>
</kw>
<status status="PASS" starttime="20190118 14:09:26.088" endtime="20190118 14:09:26.108"></status>
</kw>
<kw name="click login button" library="login_resources">
<kw name="Click Button" library="SeleniumLibrary">
<doc>Clicks button identified by ``locator``.</doc>
<arguments>
<arg>id=login_button</arg>
</arguments>
<msg timestamp="20190118 14:09:26.109" level="INFO">Clicking button 'id=login_button'.</msg>
<status status="PASS" starttime="20190118 14:09:26.109" endtime="20190118 14:09:26.168"></status>
</kw>
<status status="PASS" starttime="20190118 14:09:26.109" endtime="20190118 14:09:26.168"></status>
</kw>
<kw name="Error page should be visible" library="login_resources">
<kw name="Title Should Be" library="SeleniumLibrary">
<doc>Verifies that current page title equals ``title``.</doc>
<arguments>
<arg>Error Page</arg>
</arguments>
<msg timestamp="20190118 14:09:26.172" level="INFO">Page title is 'Error Page'.</msg>
<status status="PASS" starttime="20190118 14:09:26.169" endtime="20190118 14:09:26.172"></status>
</kw>
<status status="PASS" starttime="20190118 14:09:26.169" endtime="20190118 14:09:26.172"></status>
</kw>
<status status="PASS" starttime="20190118 14:09:26.062" endtime="20190118 14:09:26.172"></status>
</kw>
<status status="PASS" starttime="20190118 14:09:26.016" endtime="20190118 14:09:26.173" critical="yes"></status>
</test>
<test id="s1-s1-t5" name="Empty user wrong pass">
<kw name="Open Login Page" library="login_resources" type="setup">
<kw name="Go To" library="SeleniumLibrary">
<doc>Navigates the active browser instance to the provided ``url``.</doc>
<arguments>
<arg>${LOGIN URL}</arg>
</arguments>
<msg timestamp="20190118 14:09:26.176" level="INFO">Opening url 'http://localhost:7272'</msg>
<status status="PASS" starttime="20190118 14:09:26.176" endtime="20190118 14:09:26.227"></status>
</kw>
<status status="PASS" starttime="20190118 14:09:26.176" endtime="20190118 14:09:26.227"></status>
</kw>
<kw name="Invalid login">
<arguments>
<arg>${EMPTY}</arg>
<arg>FooBar</arg>
</arguments>
<kw name="Input username" library="login_resources">
<arguments>
<arg>${USERNAME}</arg>
</arguments>
<kw name="Input Text" library="SeleniumLibrary">
<doc>Types the given ``text`` into text field identified by ``locator``.</doc>
<arguments>
<arg>id=username_field</arg>
<arg>${username}</arg>
</arguments>
<msg timestamp="20190118 14:09:26.231" level="INFO">Typing text '' into text field 'id=username_field'.</msg>
<status status="PASS" starttime="20190118 14:09:26.231" endtime="20190118 14:09:26.251"></status>
</kw>
<status status="PASS" starttime="20190118 14:09:26.229" endtime="20190118 14:09:26.252"></status>
</kw>
<kw name="Input pwd" library="login_resources">
<arguments>
<arg>${PASSWORD}</arg>
</arguments>
<kw name="Input Password" library="SeleniumLibrary">
<doc>Types the given password into text field identified by ``locator``.</doc>
<arguments>
<arg>id=password_field</arg>
<arg>${password}</arg>
</arguments>
<msg timestamp="20190118 14:09:26.253" level="INFO">Typing password into text field 'id=password_field'.</msg>
<status status="PASS" starttime="20190118 14:09:26.252" endtime="20190118 14:09:26.275"></status>
</kw>
<status status="PASS" starttime="20190118 14:09:26.252" endtime="20190118 14:09:26.276"></status>
</kw>
<kw name="click login button" library="login_resources">
<kw name="Click Button" library="SeleniumLibrary">
<doc>Clicks button identified by ``locator``.</doc>
<arguments>
<arg>id=login_button</arg>
</arguments>
<msg timestamp="20190118 14:09:26.277" level="INFO">Clicking button 'id=login_button'.</msg>
<status status="PASS" starttime="20190118 14:09:26.276" endtime="20190118 14:09:26.335"></status>
</kw>
<status status="PASS" starttime="20190118 14:09:26.276" endtime="20190118 14:09:26.335"></status>
</kw>
<kw name="Error page should be visible" library="login_resources">
<kw name="Title Should Be" library="SeleniumLibrary">
<doc>Verifies that current page title equals ``title``.</doc>
<arguments>
<arg>Error Page</arg>
</arguments>
<msg timestamp="20190118 14:09:26.337" level="INFO">Page title is 'Error Page'.</msg>
<status status="PASS" starttime="20190118 14:09:26.335" endtime="20190118 14:09:26.338"></status>
</kw>
<status status="PASS" starttime="20190118 14:09:26.335" endtime="20190118 14:09:26.338"></status>
</kw>
<status status="PASS" starttime="20190118 14:09:26.228" endtime="20190118 14:09:26.338"></status>
</kw>
<status status="PASS" starttime="20190118 14:09:26.175" endtime="20190118 14:09:26.338" critical="yes"></status>
</test>
<test id="s1-s1-t6" name="Wrong user right pass">
<kw name="Open Login Page" library="login_resources" type="setup">
<kw name="Go To" library="SeleniumLibrary">
<doc>Navigates the active browser instance to the provided ``url``.</doc>
<arguments>
<arg>${LOGIN URL}</arg>
</arguments>
<msg timestamp="20190118 14:09:26.342" level="INFO">Opening url 'http://localhost:7272'</msg>
<status status="PASS" starttime="20190118 14:09:26.342" endtime="20190118 14:09:26.395"></status>
</kw>
<status status="PASS" starttime="20190118 14:09:26.341" endtime="20190118 14:09:26.396"></status>
</kw>
<kw name="Invalid login">
<arguments>
<arg>FooBar</arg>
<arg>mode</arg>
</arguments>
<kw name="Input username" library="login_resources">
<arguments>
<arg>${USERNAME}</arg>
</arguments>
<kw name="Input Text" library="SeleniumLibrary">
<doc>Types the given ``text`` into text field identified by ``locator``.</doc>
<arguments>
<arg>id=username_field</arg>
<arg>${username}</arg>
</arguments>
<msg timestamp="20190118 14:09:26.399" level="INFO">Typing text 'FooBar' into text field 'id=username_field'.</msg>
<status status="PASS" starttime="20190118 14:09:26.398" endtime="20190118 14:09:26.424"></status>
</kw>
<status status="PASS" starttime="20190118 14:09:26.397" endtime="20190118 14:09:26.425"></status>
</kw>
<kw name="Input pwd" library="login_resources">
<arguments>
<arg>${PASSWORD}</arg>
</arguments>
<kw name="Input Password" library="SeleniumLibrary">
<doc>Types the given password into text field identified by ``locator``.</doc>
<arguments>
<arg>id=password_field</arg>
<arg>${password}</arg>
</arguments>
<msg timestamp="20190118 14:09:26.426" level="INFO">Typing password into text field 'id=password_field'.</msg>
<status status="PASS" starttime="20190118 14:09:26.425" endtime="20190118 14:09:26.446"></status>
</kw>
<status status="PASS" starttime="20190118 14:09:26.425" endtime="20190118 14:09:26.447"></status>
</kw>
<kw name="click login button" library="login_resources">
<kw name="Click Button" library="SeleniumLibrary">
<doc>Clicks button identified by ``locator``.</doc>
<arguments>
<arg>id=login_button</arg>
</arguments>
<msg timestamp="20190118 14:09:26.448" level="INFO">Clicking button 'id=login_button'.</msg>
<status status="PASS" starttime="20190118 14:09:26.447" endtime="20190118 14:09:26.504"></status>
</kw>
<status status="PASS" starttime="20190118 14:09:26.447" endtime="20190118 14:09:26.504"></status>
</kw>
<kw name="Error page should be visible" library="login_resources">
<kw name="Title Should Be" library="SeleniumLibrary">
<doc>Verifies that current page title equals ``title``.</doc>
<arguments>
<arg>Error Page</arg>
</arguments>
<msg timestamp="20190118 14:09:26.507" level="INFO">Page title is 'Error Page'.</msg>
<status status="PASS" starttime="20190118 14:09:26.505" endtime="20190118 14:09:26.507"></status>
</kw>
<status status="PASS" starttime="20190118 14:09:26.504" endtime="20190118 14:09:26.508"></status>
</kw>
<status status="PASS" starttime="20190118 14:09:26.397" endtime="20190118 14:09:26.508"></status>
</kw>
<status status="PASS" starttime="20190118 14:09:26.340" endtime="20190118 14:09:26.508" critical="yes"></status>
</test>
<test id="s1-s1-t7" name="Wrong user empty pass">
<kw name="Open Login Page" library="login_resources" type="setup">
<kw name="Go To" library="SeleniumLibrary">
<doc>Navigates the active browser instance to the provided ``url``.</doc>
<arguments>
<arg>${LOGIN URL}</arg>
</arguments>
<msg timestamp="20190118 14:09:26.515" level="INFO">Opening url 'http://localhost:7272'</msg>
<status status="PASS" starttime="20190118 14:09:26.515" endtime="20190118 14:09:26.575"></status>
</kw>
<status status="PASS" starttime="20190118 14:09:26.514" endtime="20190118 14:09:26.575"></status>
</kw>
<kw name="Invalid login">
<arguments>
<arg>FooBar</arg>
<arg>${EMPTY}</arg>
</arguments>
<kw name="Input username" library="login_resources">
<arguments>
<arg>${USERNAME}</arg>
</arguments>
<kw name="Input Text" library="SeleniumLibrary">
<doc>Types the given ``text`` into text field identified by ``locator``.</doc>
<arguments>
<arg>id=username_field</arg>
<arg>${username}</arg>
</arguments>
<msg timestamp="20190118 14:09:26.577" level="INFO">Typing text 'FooBar' into text field 'id=username_field'.</msg>
<status status="PASS" starttime="20190118 14:09:26.576" endtime="20190118 14:09:26.606"></status>
</kw>
<status status="PASS" starttime="20190118 14:09:26.576" endtime="20190118 14:09:26.606"></status>
</kw>
<kw name="Input pwd" library="login_resources">
<arguments>
<arg>${PASSWORD}</arg>
</arguments>
<kw name="Input Password" library="SeleniumLibrary">
<doc>Types the given password into text field identified by ``locator``.</doc>
<arguments>
<arg>id=password_field</arg>
<arg>${password}</arg>
</arguments>
<msg timestamp="20190118 14:09:26.607" level="INFO">Typing password into text field 'id=password_field'.</msg>
<status status="PASS" starttime="20190118 14:09:26.607" endtime="20190118 14:09:26.625"></status>
</kw>
<status status="PASS" starttime="20190118 14:09:26.606" endtime="20190118 14:09:26.625"></status>
</kw>
<kw name="click login button" library="login_resources">
<kw name="Click Button" library="SeleniumLibrary">
<doc>Clicks button identified by ``locator``.</doc>
<arguments>
<arg>id=login_button</arg>
</arguments>
<msg timestamp="20190118 14:09:26.626" level="INFO">Clicking button 'id=login_button'.</msg>
<status status="PASS" starttime="20190118 14:09:26.626" endtime="20190118 14:09:26.683"></status>
</kw>
<status status="PASS" starttime="20190118 14:09:26.625" endtime="20190118 14:09:26.684"></status>
</kw>
<kw name="Error page should be visible" library="login_resources">
<kw name="Title Should Be" library="SeleniumLibrary">
<doc>Verifies that current page title equals ``title``.</doc>
<arguments>
<arg>Error Page</arg>
</arguments>
<msg timestamp="20190118 14:09:26.688" level="INFO">Page title is 'Error Page'.</msg>
<status status="PASS" starttime="20190118 14:09:26.685" endtime="20190118 14:09:26.688"></status>
</kw>
<status status="PASS" starttime="20190118 14:09:26.684" endtime="20190118 14:09:26.688"></status>
</kw>
<status status="PASS" starttime="20190118 14:09:26.575" endtime="20190118 14:09:26.689"></status>
</kw>
<status status="PASS" starttime="20190118 14:09:26.512" endtime="20190118 14:09:26.689" critical="yes"></status>
</test>
<test id="s1-s1-t8" name="Wrong user wrong pass">
<kw name="Open Login Page" library="login_resources" type="setup">
<kw name="Go To" library="SeleniumLibrary">
<doc>Navigates the active browser instance to the provided ``url``.</doc>
<arguments>
<arg>${LOGIN URL}</arg>
</arguments>
<msg timestamp="20190118 14:09:26.693" level="INFO">Opening url 'http://localhost:7272'</msg>
<status status="PASS" starttime="20190118 14:09:26.693" endtime="20190118 14:09:26.738"></status>
</kw>
<status status="PASS" starttime="20190118 14:09:26.693" endtime="20190118 14:09:26.738"></status>
</kw>
<kw name="Invalid login">
<arguments>
<arg>FooBar</arg>
<arg>FooBar</arg>
</arguments>
<kw name="Input username" library="login_resources">
<arguments>
<arg>${USERNAME}</arg>
</arguments>
<kw name="Input Text" library="SeleniumLibrary">
<doc>Types the given ``text`` into text field identified by ``locator``.</doc>
<arguments>
<arg>id=username_field</arg>
<arg>${username}</arg>
</arguments>
<msg timestamp="20190118 14:09:26.740" level="INFO">Typing text 'FooBar' into text field 'id=username_field'.</msg>
<status status="PASS" starttime="20190118 14:09:26.740" endtime="20190118 14:09:26.766"></status>
</kw>
<status status="PASS" starttime="20190118 14:09:26.739" endtime="20190118 14:09:26.766"></status>
</kw>
<kw name="Input pwd" library="login_resources">
<arguments>
<arg>${PASSWORD}</arg>
</arguments>
<kw name="Input Password" library="SeleniumLibrary">
<doc>Types the given password into text field identified by ``locator``.</doc>
<arguments>
<arg>id=password_field</arg>
<arg>${password}</arg>
</arguments>
<msg timestamp="20190118 14:09:26.768" level="INFO">Typing password into text field 'id=password_field'.</msg>
<status status="PASS" starttime="20190118 14:09:26.767" endtime="20190118 14:09:26.789"></status>
</kw>
<status status="PASS" starttime="20190118 14:09:26.767" endtime="20190118 14:09:26.789"></status>
</kw>
<kw name="click login button" library="login_resources">
<kw name="Click Button" library="SeleniumLibrary">
<doc>Clicks button identified by ``locator``.</doc>
<arguments>
<arg>id=login_button</arg>
</arguments>
<msg timestamp="20190118 14:09:26.790" level="INFO">Clicking button 'id=login_button'.</msg>
<status status="PASS" starttime="20190118 14:09:26.790" endtime="20190118 14:09:26.845"></status>
</kw>
<status status="PASS" starttime="20190118 14:09:26.789" endtime="20190118 14:09:26.845"></status>
</kw>
<kw name="Error page should be visible" library="login_resources">
<kw name="Title Should Be" library="SeleniumLibrary">
<doc>Verifies that current page title equals ``title``.</doc>
<arguments>
<arg>Error Page</arg>
</arguments>
<msg timestamp="20190118 14:09:26.851" level="INFO">Page title is 'Error Page'.</msg>
<status status="PASS" starttime="20190118 14:09:26.846" endtime="20190118 14:09:26.852"></status>
</kw>
<status status="PASS" starttime="20190118 14:09:26.845" endtime="20190118 14:09:26.852"></status>
</kw>
<status status="PASS" starttime="20190118 14:09:26.739" endtime="20190118 14:09:26.852"></status>
</kw>
<status status="PASS" starttime="20190118 14:09:26.691" endtime="20190118 14:09:26.853" critical="yes"></status>
</test>
<kw name="Close Browsers" library="login_resources" type="teardown">
<kw name="Close All Browsers" library="SeleniumLibrary">
<doc>Closes all open browsers and resets the browser cache.</doc>
<status status="PASS" starttime="20190118 14:09:26.857" endtime="20190118 14:09:27.997"></status>
</kw>
<status status="PASS" starttime="20190118 14:09:26.856" endtime="20190118 14:09:27.998"></status>
</kw>
<status status="FAIL" starttime="20190118 14:09:21.846" endtime="20190118 14:09:27.998"></status>
</suite>
<status status="FAIL" starttime="20190118 14:09:21.817" endtime="20190118 14:09:28.006"></status>
</suite>
<statistics>
<total>
<stat pass="7" fail="1">Critical Tests</stat>
<stat pass="7" fail="1">All Tests</stat>
</total>
<tag>
</tag>
<suite>
<stat pass="7" fail="1" id="s1" name="Login Tests">Login Tests</stat>
<stat pass="7" fail="1" id="s1-s1" name="invalidLogins">Login Tests.invalidLogins</stat>
</suite>
</statistics>
<errors>
</errors>
</robot>
